<?xml version="1.0" encoding="UTF-8"?>

<mule xmlns:salesforce="http://www.mulesoft.org/schema/mule/salesforce" xmlns:scripting="http://www.mulesoft.org/schema/mule/scripting" xmlns:ee="http://www.mulesoft.org/schema/mule/ee/core"
    xmlns:xsi="http://www.w3.org/2001/XMLSchema-instance" xmlns:munit="http://www.mulesoft.org/schema/mule/munit" xmlns:munit-tools="http://www.mulesoft.org/schema/mule/munit-tools"
    xmlns="http://www.mulesoft.org/schema/mule/core"
    xmlns:doc="http://www.mulesoft.org/schema/mule/documentation" xsi:schemaLocation="
http://www.mulesoft.org/schema/mule/scripting http://www.mulesoft.org/schema/mule/scripting/current/mule-scripting.xsd 
http://www.mulesoft.org/schema/mule/ee/core http://www.mulesoft.org/schema/mule/ee/core/current/mule-ee.xsd 
		http://www.mulesoft.org/schema/mule/core http://www.mulesoft.org/schema/mule/core/current/mule.xsd
		http://www.mulesoft.org/schema/mule/munit http://www.mulesoft.org/schema/mule/munit/current/mule-munit.xsd
		http://www.mulesoft.org/schema/mule/munit-tools  http://www.mulesoft.org/schema/mule/munit-tools/current/mule-munit-tools.xsd
http://www.mulesoft.org/schema/mule/salesforce http://www.mulesoft.org/schema/mule/salesforce/current/mule-salesforce.xsd">

    <munit:config name="test-suite.xml" />
    
    <configuration-properties doc:name="Configuration properties" file="mule.test.properties" />
    <configuration-properties doc:name="Configuration properties" file="common.properties" />
    
    <munit:before-test name="test-suite-Before_Test" description="Before tests actions" doc:id="e8d6de21-d3dc-443b-99f1-8e5808de4b3c">
        <logger level="WARN" doc:name="Logger" doc:id="d495eb70-c3e5-4da2-aac3-8655b36b15dc" message="1 Before test"/>
		<flow-ref doc:name="Call getSAPMaterialsSubFlow" doc:id="fc0f7640-b6e4-472b-8c27-3d64b94977af" name="getSAPMaterialsSubFlow" />
        <logger level="WARN" doc:name="Logger" doc:id="1ab196ac-633d-4f61-b984-5b48bfb6e4ac" message="2"/>
		<ee:transform doc:name="Prepare test data" doc:id="9761511e-1f2d-4644-ace7-3d59a693b516">
            <ee:message>
            </ee:message>
            <ee:variables>
                <ee:set-variable variableName="testDataUpdate"><![CDATA[%dw 2.0
output application/java
---
payload[0]]]></ee:set-variable>
                <ee:set-variable variableName="testDataCreate"><![CDATA[%dw 2.0
output application/java
---
payload[1]]]></ee:set-variable>
            </ee:variables>
        </ee:transform>
        <logger level="WARN" doc:name="Logger" doc:id="39781cad-39c5-456b-b6bd-07d5c9b7b805" message="3"/>
		<ee:transform doc:name="Prepare test data for Salesforce" doc:id="10096f7c-bf3a-4c21-a381-e9b86e6430ab">
            <ee:message>
                <ee:set-payload><![CDATA[%dw 2.0
output application/java
---
[
	{
		Name: "Test product",
		ProductCode: vars.testDataUpdate.ProductCode
    }
]]]></ee:set-payload>
            </ee:message>
            <ee:variables>
            </ee:variables>
        </ee:transform>
        <logger level="WARN" doc:name="Logger" doc:id="ff70f56a-3752-4f4d-a146-e98e9f91fe1b" message="4"/>
		<salesforce:create doc:name="Create Product in Salesforce" doc:id="a0643d2b-5ab3-44f0-a948-a7bd948e9fc0" config-ref="Salesforce"
            type="Product2" />
        <logger level="WARN" doc:name="Logger" doc:id="78fcfdb5-2692-463e-bf80-958986e8b781" message="5"/>
		<set-variable value="#[payload map ($.id)]" doc:name="Store IDs to variable sfdcIds" doc:id="014f387f-1cd3-4bf9-a5cd-0a135b299e33"
            variableName="sfdcIds" />
        <logger level="WARN" doc:name="Logger" doc:id="ba915a4f-a351-4385-b559-48085394133c" message="6"/>
		<munit-tools:mock-when doc:name="Mock email processor to avoid sending email" doc:id="65de8ffc-cf2f-490c-82f1-09f984dda3ee"
            processor="email:send">
            <munit-tools:then-return />
        </munit-tools:mock-when>
    </munit:before-test>
    
    <munit:test name="test-suite-businessLogicFlowTest" description="Test" doc:id="51187b9d-6f3a-4f15-9b83-06843b200d52">
        <munit:execution>
            <logger level="WARN" doc:name="Logger" doc:id="19625417-6652-47bf-8a90-34a290dec617" message="Test execution"/>
			<flow-ref doc:name="Call businessLogicFlow" doc:id="3d246008-b21e-4ec0-b7b3-01f52695f0ab" name="businessLogicFlow" />
            <scripting:execute doc:name="Sleep for 10s until the processing is completed" doc:id="a11612ff-334f-4f43-aef6-84ae425515f9"
                engine="groovy">
                <scripting:code>sleep(10000)</scripting:code>
            </scripting:execute>
            <salesforce:query-single doc:name="Query record should be created in Salesforce" doc:id="96f5381e-5fae-4463-bb9d-e3468ae36d4f"
                config-ref="Salesforce" target="resultCreated">
                <salesforce:salesforce-query>SELECT Id, ProductCode FROM Product2 WHERE ProductCode = ':code'</salesforce:salesforce-query>
                <salesforce:parameters><![CDATA[#[output application/java
---
{
	"code" : vars.testDataCreate.ProductCode
}]]]></salesforce:parameters>
            </salesforce:query-single>
			<ee:transform doc:name="Store ID to variable sfdcIds" doc:id="4b89542d-91d9-465a-948b-8a59045c9d38">
                <ee:message>
                </ee:message>
                <ee:variables>
                    <ee:set-variable variableName="sfdcIds"><![CDATA[%dw 2.0
output application/java
---
vars.sfdcIds + vars.resultCreated.Id]]></ee:set-variable>
                </ee:variables>
            </ee:transform>
            <salesforce:query-single doc:name="Query record should be updated in Salesforce" doc:id="9c89d44b-6dee-479b-9dce-55a479668f77"
                config-ref="Salesforce" target="resultUpdated">
                <salesforce:salesforce-query>SELECT Id, Name, ProductCode FROM Product2 WHERE ProductCode = ':code'</salesforce:salesforce-query>
                <salesforce:parameters><![CDATA[#[output application/java
---
{
	"code" : vars.testDataUpdate.ProductCode
}]]]></salesforce:parameters>
            </salesforce:query-single>
        </munit:execution>
        <munit:validation>
            <logger level="WARN" doc:name="Logger" doc:id="d7a9dad5-e20a-4e2f-a7f2-7c9d68eb855a" message="Test verification"/>
			<munit-tools:assert-that doc:name="Assert that record is created in Salesforce" expression="#[vars.resultCreated.Id]"
                is="#[MunitTools::notNullValue()]" message="Record isn't created in Salesforce" />
            <munit-tools:assert-that doc:name="Assert that record is updated in Salesforce" expression="#[vars.resultUpdated.Name]"
                is="#[MunitTools::equalTo(vars.testDataUpdate.Name)]" message="Record isn't updated in Salesforce" />
        </munit:validation>
    </munit:test>
    
    <munit:after-test name="test-suiteAfter_Test" description="After tests actions" doc:id="913515a7-4abe-41e3-bf2c-82bb9ec21576">
        <logger level="WARN" doc:name="Logger" doc:id="6186908d-b146-4e5e-913a-febe8608332f" message="After test"/>
		<salesforce:delete doc:name="Delete test data from Salesforce" doc:id="684f9f53-46e5-4c33-b15f-482efb72d52e" config-ref="Salesforce">
            <salesforce:delete-ids><![CDATA[#[vars.sfdcIds]]]></salesforce:delete-ids>
        </salesforce:delete>
    </munit:after-test>
</mule>
